Using pre-set license
Built from '2022.3/china_unity/release' branch; Version is '2022.3.17f1c1 (a01dafa986ec) revision 10493359'; Using compiler version '192829333'; Build Type 'Release'
OS: 'Windows 11  (10.0.22631) 64bit CoreCountrySpecific' Language: 'zh' Physical Memory: 16002 MB
BatchMode: 1, IsHumanControllingUs: 0, StartBugReporterOnCrash: 0, Is64bit: 1, IsPro: 1

COMMAND LINE ARGUMENTS:
D:\2022.3.17f1c1\Editor\Unity.exe
-adb2
-batchMode
-noUpm
-name
AssetImportWorker5
-projectPath
E:/Final-Proj/MainCharacter
-logFile
Logs/AssetImportWorker5.log
-srvPort
60033
Successfully changed project path to: E:/Final-Proj/MainCharacter
E:/Final-Proj/MainCharacter
[UnityMemory] Configuration Parameters - Can be set up in boot.config
    "memorysetup-bucket-allocator-granularity=16"
    "memorysetup-bucket-allocator-bucket-count=8"
    "memorysetup-bucket-allocator-block-size=33554432"
    "memorysetup-bucket-allocator-block-count=8"
    "memorysetup-main-allocator-block-size=16777216"
    "memorysetup-thread-allocator-block-size=16777216"
    "memorysetup-gfx-main-allocator-block-size=16777216"
    "memorysetup-gfx-thread-allocator-block-size=16777216"
    "memorysetup-cache-allocator-block-size=4194304"
    "memorysetup-typetree-allocator-block-size=2097152"
    "memorysetup-profiler-bucket-allocator-granularity=16"
    "memorysetup-profiler-bucket-allocator-bucket-count=8"
    "memorysetup-profiler-bucket-allocator-block-size=33554432"
    "memorysetup-profiler-bucket-allocator-block-count=8"
    "memorysetup-profiler-allocator-block-size=16777216"
    "memorysetup-profiler-editor-allocator-block-size=1048576"
    "memorysetup-temp-allocator-size-main=16777216"
    "memorysetup-job-temp-allocator-block-size=2097152"
    "memorysetup-job-temp-allocator-block-size-background=1048576"
    "memorysetup-job-temp-allocator-reduction-small-platforms=262144"
    "memorysetup-allocator-temp-initial-block-size-main=262144"
    "memorysetup-allocator-temp-initial-block-size-worker=262144"
    "memorysetup-temp-allocator-size-background-worker=32768"
    "memorysetup-temp-allocator-size-job-worker=262144"
    "memorysetup-temp-allocator-size-preload-manager=33554432"
    "memorysetup-temp-allocator-size-nav-mesh-worker=65536"
    "memorysetup-temp-allocator-size-audio-worker=65536"
    "memorysetup-temp-allocator-size-cloud-worker=32768"
    "memorysetup-temp-allocator-size-gi-baking-worker=262144"
    "memorysetup-temp-allocator-size-gfx=262144"
Player connection [34596] Host "[IP] 2.0.0.1 [Port] 0 [Flags] 2 [Guid] 2275723181 [EditorId] 2275723181 [Version] 1048832 [Id] WindowsEditor(7,LAPTOP-447V98IV) [Debug] 1 [PackageName] WindowsEditor [ProjectName] Editor" joined multi-casting on [225.0.0.222:54997]...

Player connection [34596] Host "[IP] 2.0.0.1 [Port] 0 [Flags] 2 [Guid] 2275723181 [EditorId] 2275723181 [Version] 1048832 [Id] WindowsEditor(7,LAPTOP-447V98IV) [Debug] 1 [PackageName] WindowsEditor [ProjectName] Editor" joined alternative multi-casting on [225.0.0.222:34997]...

[Physics::Module] Initialized MultithreadedJobDispatcher with 31 workers.
Refreshing native plugins compatible for Editor in 16.58 ms, found 4 plugins.
Preloading 0 native plugins for Editor in 0.00 ms.
Initialize engine version: 2022.3.17f1c1 (a01dafa986ec)
[Subsystems] Discovering subsystems at path D:/2022.3.17f1c1/Editor/Data/Resources/UnitySubsystems
[Subsystems] Discovering subsystems at path E:/Final-Proj/MainCharacter/Assets
GfxDevice: creating device client; threaded=0; jobified=0
Direct3D:
    Version:  Direct3D 11.0 [level 11.1]
    Renderer: NVIDIA GeForce RTX 4080 Laptop GPU (ID=0x27e0)
    Vendor:   NVIDIA
    VRAM:     12011 MB
    Driver:   31.0.15.4624
Initialize mono
Mono path[0] = 'D:/2022.3.17f1c1/Editor/Data/Managed'
Mono path[1] = 'D:/2022.3.17f1c1/Editor/Data/MonoBleedingEdge/lib/mono/unityjit-win32'
Mono config path = 'D:/2022.3.17f1c1/Editor/Data/MonoBleedingEdge/etc'
Using monoOptions --debugger-agent=transport=dt_socket,embedding=1,server=y,suspend=n,address=127.0.0.1:56592
Begin MonoManager ReloadAssembly
Registering precompiled unity dll's ...
Register platform support module: D:/2022.3.17f1c1/Editor/Data/PlaybackEngines/WebGLSupport/UnityEditor.WebGL.Extensions.dll
Register platform support module: D:/2022.3.17f1c1/Editor/Data/PlaybackEngines/WindowsStandaloneSupport/UnityEditor.WindowsStandalone.Extensions.dll
Registered in 0.005506 seconds.
- Loaded All Assemblies, in  0.497 seconds
Native extension for WindowsStandalone target not found
Native extension for WebGL target not found
Mono: successfully reloaded assembly
- Finished resetting the current domain, in  0.328 seconds
Domain Reload Profiling: 823ms
	BeginReloadAssembly (160ms)
		ExecutionOrderSort (0ms)
		DisableScriptedObjects (0ms)
		BackupInstance (0ms)
		ReleaseScriptingObjects (0ms)
		CreateAndSetChildDomain (1ms)
	RebuildCommonClasses (43ms)
	RebuildNativeTypeToScriptingClass (9ms)
	initialDomainReloadingComplete (74ms)
	LoadAllAssembliesAndSetupDomain (207ms)
		LoadAssemblies (159ms)
		RebuildTransferFunctionScriptingTraits (0ms)
		AnalyzeDomain (203ms)
			TypeCache.Refresh (201ms)
				TypeCache.ScanAssembly (177ms)
			ScanForSourceGeneratedMonoScriptInfo (0ms)
			ResolveRequiredComponents (1ms)
	FinalizeReload (329ms)
		ReleaseScriptCaches (0ms)
		RebuildScriptCaches (0ms)
		SetupLoadedEditorAssemblies (249ms)
			LogAssemblyErrors (0ms)
			InitializePlatformSupportModulesInManaged (12ms)
			SetLoadedEditorAssemblies (5ms)
			RefreshPlugins (0ms)
			BeforeProcessingInitializeOnLoad (2ms)
			ProcessInitializeOnLoadAttributes (171ms)
			ProcessInitializeOnLoadMethodAttributes (59ms)
			AfterProcessingInitializeOnLoad (0ms)
			EditorAssembliesLoaded (0ms)
		ExecutionOrderSort2 (0ms)
		AwakeInstancesAfterBackupRestoration (0ms)
========================================================================
Worker process is ready to serve import requests
Begin MonoManager ReloadAssembly
- Loaded All Assemblies, in  0.828 seconds
Refreshing native plugins compatible for Editor in 3.27 ms, found 4 plugins.
Native extension for WindowsStandalone target not found
Native extension for WebGL target not found
Package Manager log level set to [2]
[Package Manager] Server::EnsureServerProcessIsRunning -- launch failed, reason: Unity was launched with the -noUpm command-line argument
[Package Manager] UpmClient::Send -- Unable to send message (not connected to UPM process).
[Package Manager] Cannot connect to Unity Package Manager local server
System.Reflection.TargetException: Non-static method requires a target.
  at System.Reflection.RuntimeMethodInfo.Invoke (System.Object obj, System.Reflection.BindingFlags invokeAttr, System.Reflection.Binder binder, System.Object[] parameters, System.Globalization.CultureInfo culture) [0x00019] in <17d9ce77f27a4bd2afb5ba32c9bea976>:0 
  at System.Reflection.MethodBase.Invoke (System.Object obj, System.Object[] parameters) [0x00000] in <17d9ce77f27a4bd2afb5ba32c9bea976>:0 
  at UnityEditor.EditorAssemblies.ProcessInitializeOnLoadMethodAttributes () [0x000a5] in <aec3a143be31489f8782c487d4d86edd>:0 
UnityEngine.StackTraceUtility:ExtractStackTrace ()
UnityEngine.DebugLogHandler:LogFormat (UnityEngine.LogType,UnityEngine.Object,string,object[])
UnityEngine.Logger:Log (UnityEngine.LogType,object)
UnityEngine.Debug:LogError (object)
UnityEditor.EditorAssemblies:ProcessInitializeOnLoadMethodAttributes ()

Mono: successfully reloaded assembly
- Finished resetting the current domain, in  0.804 seconds
Domain Reload Profiling: 1628ms
	BeginReloadAssembly (202ms)
		ExecutionOrderSort (0ms)
		DisableScriptedObjects (6ms)
		BackupInstance (0ms)
		ReleaseScriptingObjects (0ms)
		CreateAndSetChildDomain (51ms)
	RebuildCommonClasses (46ms)
	RebuildNativeTypeToScriptingClass (15ms)
	initialDomainReloadingComplete (47ms)
	LoadAllAssembliesAndSetupDomain (514ms)
		LoadAssemblies (387ms)
		RebuildTransferFunctionScriptingTraits (0ms)
		AnalyzeDomain (233ms)
			TypeCache.Refresh (204ms)
				TypeCache.ScanAssembly (180ms)
			ScanForSourceGeneratedMonoScriptInfo (20ms)
			ResolveRequiredComponents (7ms)
	FinalizeReload (804ms)
		ReleaseScriptCaches (0ms)
		RebuildScriptCaches (0ms)
		SetupLoadedEditorAssemblies (627ms)
			LogAssemblyErrors (0ms)
			InitializePlatformSupportModulesInManaged (6ms)
			SetLoadedEditorAssemblies (4ms)
			RefreshPlugins (0ms)
			BeforeProcessingInitializeOnLoad (58ms)
			ProcessInitializeOnLoadAttributes (517ms)
			ProcessInitializeOnLoadMethodAttributes (33ms)
			AfterProcessingInitializeOnLoad (8ms)
			EditorAssembliesLoaded (0ms)
		ExecutionOrderSort2 (0ms)
		AwakeInstancesAfterBackupRestoration (9ms)
Launched and connected shader compiler UnityShaderCompiler.exe after 0.07 seconds
Refreshing native plugins compatible for Editor in 9.08 ms, found 4 plugins.
Preloading 0 native plugins for Editor in 0.00 ms.
Unloading 3305 Unused Serialized files (Serialized files now loaded: 0)
Unloading 38 unused Assets / (118.2 KB). Loaded Objects now: 3763.
Memory consumption went from 137.1 MB to 137.0 MB.
Total: 5.982500 ms (FindLiveObjects: 0.372800 ms CreateObjectMapping: 0.152900 ms MarkObjects: 5.108200 ms  DeleteObjects: 0.345700 ms)

AssetImportParameters requested are different than current active one (requested -> active):
  custom:container-demuxer-ogg: 62fdf1f143b41e24485cea50d1cbac27 -> 
  custom:video-codec-MediaFoundation-h265: 746d11721c4dcdbdad8f713fa42b33f4 -> 
  custom:video-decoder-ogg-theora: a1e56fd34408186e4bbccfd4996cb3dc -> 
  custom:framework-win-MediaFoundation: 216162199b28c13a410421893ffa2e32 -> 
  custom:CustomObjectIndexerAttribute: 6d391050e5a25f67b0a2c618074f2cd9 -> 
  custom:container-demuxer-webm: 4f35f7cbe854078d1ac9338744f61a02 -> 
  custom:container-muxer-webm: aa71ff27fc2769a1b78a27578f13a17b -> 
  custom:video-decoder-webm-vp8: 9c59270c3fd7afecdb556c50c9e8de78 -> 
  custom:SearchIndexIgnoredProperties: e643bd26f0fe6173181afceb89e7c659 -> 
  custom:AudioImporter_EditorPlatform: d09bf68614088b80899f8185d706f6e7 -> 
  custom:video-encoder-webm-vp8: eb34c28f22e8b96e1ab97ce403110664 -> 
  custom:audio-decoder-ogg-vorbis: bf7c407c2cedff20999df2af8eb42d56 -> 
  custom:audio-encoder-webm-vorbis: bf7c407c2cedff20999df2af8eb42d56 -> 
========================================================================
Received Import Request.
  Time since last request: 12982.699639 seconds.
  path: Assets/Map/m10_00_00_00_910011out.fbx
  artifactKey: Guid(8e4a5c92d6b29bd41884e94d110a3163) Importer(815301076,1909f56bfc062723c751e8b465ee728b)
Start importing Assets/Map/m10_00_00_00_910011out.fbx using Guid(8e4a5c92d6b29bd41884e94d110a3163) Importer(815301076,1909f56bfc062723c751e8b465ee728b)  -> (artifact id: 'b5075d53faa075dc432e4e0ceeb310dc') in 0.229511 seconds
Number of updated asset objects reloaded before import = 0
Number of asset objects unloaded after import = 11
========================================================================
Received Import Request.
  Time since last request: 0.000056 seconds.
  path: Assets/Map/m10_00_00_00_010107out.fbx
  artifactKey: Guid(2dc710c3c51d1c24b98057b5c96e9d32) Importer(815301076,1909f56bfc062723c751e8b465ee728b)
Start importing Assets/Map/m10_00_00_00_010107out.fbx using Guid(2dc710c3c51d1c24b98057b5c96e9d32) Importer(815301076,1909f56bfc062723c751e8b465ee728b)  -> (artifact id: '58860374129c13c6b1afdf35fd74234f') in 0.182501 seconds
Number of updated asset objects reloaded before import = 0
Number of asset objects unloaded after import = 31
========================================================================
Received Import Request.
  Time since last request: 0.000091 seconds.
  path: Assets/Map/m10_00_00_00_005004out.fbx
  artifactKey: Guid(e0764f209b041004dab61a18d2a76861) Importer(815301076,1909f56bfc062723c751e8b465ee728b)
Start importing Assets/Map/m10_00_00_00_005004out.fbx using Guid(e0764f209b041004dab61a18d2a76861) Importer(815301076,1909f56bfc062723c751e8b465ee728b)  -> (artifact id: '6588992d66dcfb51bc41a72003aa0ac7') in 0.080896 seconds
Number of updated asset objects reloaded before import = 0
Number of asset objects unloaded after import = 21
========================================================================
Received Import Request.
  Time since last request: 0.000036 seconds.
  path: Assets/Map/m10_00_00_00_005008out.fbx
  artifactKey: Guid(8995d9becf3b1f14ba9bfbc2b7f0fa4f) Importer(815301076,1909f56bfc062723c751e8b465ee728b)
Start importing Assets/Map/m10_00_00_00_005008out.fbx using Guid(8995d9becf3b1f14ba9bfbc2b7f0fa4f) Importer(815301076,1909f56bfc062723c751e8b465ee728b)  -> (artifact id: 'c0b80f3f332a7f3ccc1b8bb45eec18c1') in 0.176639 seconds
Number of updated asset objects reloaded before import = 0
Number of asset objects unloaded after import = 41
========================================================================
Received Import Request.
  Time since last request: 0.000089 seconds.
  path: Assets/Map/m10_00_00_00_005100out.fbx
  artifactKey: Guid(ede7af739232a234f9913e53c78f294f) Importer(815301076,1909f56bfc062723c751e8b465ee728b)
Start importing Assets/Map/m10_00_00_00_005100out.fbx using Guid(ede7af739232a234f9913e53c78f294f) Importer(815301076,1909f56bfc062723c751e8b465ee728b)  -> (artifact id: '163b9b92bbf53384aa50dfe153284d7e') in 0.048936 seconds
Number of updated asset objects reloaded before import = 0
Number of asset objects unloaded after import = 11
========================================================================
Received Import Request.
  Time since last request: 0.000044 seconds.
  path: Assets/Map/m10_00_00_00_003200out.fbx
  artifactKey: Guid(3a70a9cad397ec0448675a0ec1bc0f1f) Importer(815301076,1909f56bfc062723c751e8b465ee728b)
Start importing Assets/Map/m10_00_00_00_003200out.fbx using Guid(3a70a9cad397ec0448675a0ec1bc0f1f) Importer(815301076,1909f56bfc062723c751e8b465ee728b)  -> (artifact id: '31cf813ca028f19bf836e88e7902c16d') in 0.048735 seconds
Number of updated asset objects reloaded before import = 0
Number of asset objects unloaded after import = 11
========================================================================
Received Import Request.
  Time since last request: 0.000070 seconds.
  path: Assets/Map/m10_00_00_00_005500out.fbx
  artifactKey: Guid(b9416a52acbfee04ca0de094ce1cefa5) Importer(815301076,1909f56bfc062723c751e8b465ee728b)
Start importing Assets/Map/m10_00_00_00_005500out.fbx using Guid(b9416a52acbfee04ca0de094ce1cefa5) Importer(815301076,1909f56bfc062723c751e8b465ee728b)  -> (artifact id: 'de5cdff4870b99b83333ce48ce0ca4f3') in 0.335638 seconds
Number of updated asset objects reloaded before import = 0
Number of asset objects unloaded after import = 81
========================================================================
Received Import Request.
  Time since last request: 0.000084 seconds.
  path: Assets/Map/m10_00_00_00_010170out.fbx
  artifactKey: Guid(4c7d18153134dc846bf0fb30a5871fde) Importer(815301076,1909f56bfc062723c751e8b465ee728b)
Start importing Assets/Map/m10_00_00_00_010170out.fbx using Guid(4c7d18153134dc846bf0fb30a5871fde) Importer(815301076,1909f56bfc062723c751e8b465ee728b)  -> (artifact id: '67363b7815339514761ece1d206ac7b9') in 0.048807 seconds
Number of updated asset objects reloaded before import = 0
Number of asset objects unloaded after import = 11
========================================================================
Received Import Request.
  Time since last request: 0.000066 seconds.
  path: Assets/Map/m10_00_00_00_010156out.fbx
  artifactKey: Guid(375b0a42f209dd044a79fbc7f7838f6a) Importer(815301076,1909f56bfc062723c751e8b465ee728b)
Start importing Assets/Map/m10_00_00_00_010156out.fbx using Guid(375b0a42f209dd044a79fbc7f7838f6a) Importer(815301076,1909f56bfc062723c751e8b465ee728b)  -> (artifact id: 'e5e7827b75deec1564597db00459872f') in 0.258698 seconds
Number of updated asset objects reloaded before import = 0
Number of asset objects unloaded after import = 56
========================================================================
Received Import Request.
  Time since last request: 0.000099 seconds.
  path: Assets/Map/m10_00_00_00_005003out.fbx
  artifactKey: Guid(46e8058f4f128a842a33572c79b1989b) Importer(815301076,1909f56bfc062723c751e8b465ee728b)
Start importing Assets/Map/m10_00_00_00_005003out.fbx using Guid(46e8058f4f128a842a33572c79b1989b) Importer(815301076,1909f56bfc062723c751e8b465ee728b)  -> (artifact id: '48623b1f0f4fb9221b6436e813073b34') in 0.142572 seconds
Number of updated asset objects reloaded before import = 0
Number of asset objects unloaded after import = 31
========================================================================
Received Import Request.
  Time since last request: 0.000064 seconds.
  path: Assets/Map/m10_00_00_00_003021out.fbx
  artifactKey: Guid(57aaf5b7db9e8b141bd4bbdc38351963) Importer(815301076,1909f56bfc062723c751e8b465ee728b)
Start importing Assets/Map/m10_00_00_00_003021out.fbx using Guid(57aaf5b7db9e8b141bd4bbdc38351963) Importer(815301076,1909f56bfc062723c751e8b465ee728b)  -> (artifact id: '4ff76ecdc38983a9662ab0011a1c0120') in 0.187098 seconds
Number of updated asset objects reloaded before import = 0
Number of asset objects unloaded after import = 41
========================================================================
Received Import Request.
  Time since last request: 0.000025 seconds.
  path: Assets/Map/m10_00_00_00_003010out.fbx
  artifactKey: Guid(8eedb9afb70619b45be09de67bda2d44) Importer(815301076,1909f56bfc062723c751e8b465ee728b)
Start importing Assets/Map/m10_00_00_00_003010out.fbx using Guid(8eedb9afb70619b45be09de67bda2d44) Importer(815301076,1909f56bfc062723c751e8b465ee728b)  -> (artifact id: '49bf2b7ef3ddafb9e343d075863b9604') in 0.265953 seconds
Number of updated asset objects reloaded before import = 0
Number of asset objects unloaded after import = 66
========================================================================
Received Import Request.
  Time since last request: 0.000041 seconds.
  path: Assets/Map/m10_00_00_00_005015out.fbx
  artifactKey: Guid(1c59940069dcf3d4c88ee0c586678e6f) Importer(815301076,1909f56bfc062723c751e8b465ee728b)
Start importing Assets/Map/m10_00_00_00_005015out.fbx using Guid(1c59940069dcf3d4c88ee0c586678e6f) Importer(815301076,1909f56bfc062723c751e8b465ee728b)  -> (artifact id: '2fa8704cdfc7eb518530f19d585db944') in 0.132215 seconds
Number of updated asset objects reloaded before import = 0
Number of asset objects unloaded after import = 26
========================================================================
Received Import Request.
  Time since last request: 0.000091 seconds.
  path: Assets/Map/m10_00_00_00_005511out.fbx
  artifactKey: Guid(0c01539bd7f2ad2478a62b7db079fabe) Importer(815301076,1909f56bfc062723c751e8b465ee728b)
Start importing Assets/Map/m10_00_00_00_005511out.fbx using Guid(0c01539bd7f2ad2478a62b7db079fabe) Importer(815301076,1909f56bfc062723c751e8b465ee728b)  -> (artifact id: 'df11385c9fd4bcb7b3679864d9daeceb') in 0.119342 seconds
Number of updated asset objects reloaded before import = 0
Number of asset objects unloaded after import = 26
========================================================================
Received Import Request.
  Time since last request: 0.000034 seconds.
  path: Assets/Map/m10_00_00_00_910001out.fbx
  artifactKey: Guid(59f920098da77bf43aec4ae115ee408e) Importer(815301076,1909f56bfc062723c751e8b465ee728b)
Start importing Assets/Map/m10_00_00_00_910001out.fbx using Guid(59f920098da77bf43aec4ae115ee408e) Importer(815301076,1909f56bfc062723c751e8b465ee728b)  -> (artifact id: 'f03b9f869db459966e5ac27058797fca') in 0.057102 seconds
Number of updated asset objects reloaded before import = 0
Number of asset objects unloaded after import = 11
========================================================================
Received Import Request.
  Time since last request: 0.000036 seconds.
  path: Assets/Map/m10_00_00_00_004504out.fbx
  artifactKey: Guid(3d47cec23d9539b4aa53889a940867a0) Importer(815301076,1909f56bfc062723c751e8b465ee728b)
Start importing Assets/Map/m10_00_00_00_004504out.fbx using Guid(3d47cec23d9539b4aa53889a940867a0) Importer(815301076,1909f56bfc062723c751e8b465ee728b)  -> (artifact id: '100c36b34d78de95f19a13645387b55b') in 0.100547 seconds
Number of updated asset objects reloaded before import = 0
Number of asset objects unloaded after import = 21
========================================================================
Received Import Request.
  Time since last request: 0.000041 seconds.
  path: Assets/Map/m10_00_00_00_021501out.fbx
  artifactKey: Guid(84da2d543e9166046a5c1a8f2038e712) Importer(815301076,1909f56bfc062723c751e8b465ee728b)
Start importing Assets/Map/m10_00_00_00_021501out.fbx using Guid(84da2d543e9166046a5c1a8f2038e712) Importer(815301076,1909f56bfc062723c751e8b465ee728b)  -> (artifact id: '92d290b9a1b5f15cd3af6f99a7770a02') in 0.079435 seconds
Number of updated asset objects reloaded before import = 0
Number of asset objects unloaded after import = 21
Editor requested this worker to shutdown with reason: Scaling down because of idle timeout
TcpMessagingSession - receive error: operation aborted. errorcode: 995, details: 由于线程退出或应用程序请求，已中止 I/O 操作。
AssetImportWorker is now disconnected from the server
Process exiting
Exiting without the bug reporter. Application will terminate with return code 0